 [00:37:32 2024-02-12] testMessage
 [00:37:51 2024-02-12] testMessage
 [00:48:37 2024-02-12] User 'username' executed command: 'edit' Unsuccessful editing
 [00:50:13 2024-02-12] User 'username' executed command: 'edit' with attribute 'title' and value 'new title'
 [00:54:05 2024-02-12] User 'username' executed command: 'edit' Unsuccessful editing
 [00:54:16 2024-02-12] User 'username' executed command: 'edit' with attribute 'description' and value 'new description'
 [00:58:19 2024-02-12] User 'username' executed command: 'edit' with attribute 'isRead' and value 'yes'
 [00:58:45 2024-02-12] User 'username' executed command: 'edit' with attribute 'description' and value 'new description'
 [00:58:45 2024-02-12] User 'username' executed command: 'edit' with attribute 'title' and value 'new title'
 [01:03:04 2024-02-12] User 'username' executed command: 'edit' Unsuccessful editing
 [01:04:11 2024-02-12] User 'username' executed command: 'edit' Unsuccessful editing
 [01:05:29 2024-02-12] User 'username' executed command: 'edit' Unsuccessful editing
 [01:06:40 2024-02-12] User 'username' executed command: 'edit' Unsuccessful editing
 [01:06:40 2024-02-12] User 'username' executed command: 'edit' with attribute 'description' and value 'new description'
 [01:06:40 2024-02-12] User 'username' executed command: 'edit' with attribute 'title' and value 'new title'
 [01:06:40 2024-02-12] User 'username' executed command: 'edit' Unsuccessful editing
 [01:13:54 2024-02-12] User 'username' executed command: 'REMOVE' with attribute 'author' and value 'Jane Austen'
 [01:14:41 2024-02-12] User 'username' executed command: 'REMOVE' with attribute 'author' and value 'Jane Austen'
 [01:17:04 2024-02-12] User 'username' executed command: 'REMOVE' with attribute 'ISBN' and value '000'
 [01:17:45 2024-02-12] User 'username' executed command: 'REMOVE' with attribute 'ISBN' and value '000'
 [01:20:30 2024-02-12] User 'username' executed command: 'REMOVE' with attribute 'title' and value 'initial title'
 [01:24:24 2024-02-12] User 'username' executed command: 'RATE' with attribute 'title' and value '5'
 [01:25:26 2024-02-12] User 'username' executed command: 'RATE' Unsuccessful rating
 [01:29:19 2024-02-12] User 'username' executed command: 'SEARCH' Successful
 [01:29:19 2024-02-12] User 'username' executed command: 'SEARCH' Unsuccessful
 [01:29:57 2024-02-12] User 'username' executed command: 'SEARCH' Successful
 [01:29:57 2024-02-12] User 'username' executed command: 'SEARCH' Unsuccessful
 [01:30:17 2024-02-12] User 'username' executed command: 'SEARCH' Successful
 [01:30:17 2024-02-12] User 'username' executed command: 'SEARCH' Unsuccessful
 [01:31:04 2024-02-12] User 'username' executed command: 'SEARCH' Successful
 [01:31:05 2024-02-12] User 'username' executed command: 'SEARCH' Unsuccessful
 [01:33:01 2024-02-12] User 'username' executed command: 'SEARCH' Successful
 [01:33:01 2024-02-12] User 'username' executed command: 'SEARCH' Unsuccessful
 [01:33:57 2024-02-12] User 'username' executed command: 'SEARCH' Successful
 [01:34:33 2024-02-12] User 'username' executed command: 'SEARCH' Unsuccessful
 [01:35:04 2024-02-12] User 'username' executed command: 'RATE' Unsuccessful rating
 [01:35:04 2024-02-12] User 'username' executed command: 'RATE' with attribute 'title' and value '5'
 [01:35:04 2024-02-12] User 'username' executed command: 'edit' Unsuccessful editing
 [01:35:04 2024-02-12] User 'username' executed command: 'edit' with attribute 'description' and value 'new description'
 [01:35:04 2024-02-12] User 'username' executed command: 'edit' with attribute 'title' and value 'new title'
 [01:35:04 2024-02-12] User 'username' executed command: 'edit' Unsuccessful editing
 [01:47:19 2024-02-12] User 'username' executed command: 'logIn' Login successful!
 [01:48:13 2024-02-12] User 'username' executed command: 'logIn' Invalid username or password!
 [01:48:51 2024-02-12] User 'user' executed command: 'logIn' Login successful!
 [01:50:42 2024-02-12] User 'username' executed command: 'logIn' Invalid username or password!
 [01:50:51 2024-02-12] User 'username' executed command: 'logIn' Invalid username or password!
 [01:50:51 2024-02-12] User 'user' executed command: 'logIn' Login successful!
 [01:50:51 2024-02-12] User 'username' executed command: 'logIn' Login successful!
 [01:50:51 2024-02-12] User 'username' executed command: 'logIn' Invalid username or password!
 [01:50:51 2024-02-12] User 'us' executed command: 'logIn' Invalid username or password!
 [01:51:09 2024-02-12] User 'username' executed command: 'RATE' Unsuccessful rating
 [01:51:10 2024-02-12] User 'username' executed command: 'RATE' with attribute 'title' and value '5'
 [01:51:10 2024-02-12] User 'username' executed command: 'edit' Unsuccessful editing
 [01:51:10 2024-02-12] User 'username' executed command: 'edit' with attribute 'description' and value 'new description'
 [01:51:10 2024-02-12] User 'username' executed command: 'logIn' Invalid username or password!
 [01:51:10 2024-02-12] User 'user' executed command: 'logIn' Login successful!
 [01:51:10 2024-02-12] User 'username' executed command: 'logIn' Login successful!
 [01:51:10 2024-02-12] User 'username' executed command: 'logIn' Invalid username or password!
 [01:51:10 2024-02-12] User 'us' executed command: 'logIn' Invalid username or password!
 [01:51:10 2024-02-12] User 'username' executed command: 'edit' with attribute 'title' and value 'new title'
 [01:51:10 2024-02-12] User 'username' executed command: 'edit' Unsuccessful editing
 [01:52:24 2024-02-12] User 'username' executed command: 'RATE' Unsuccessful rating
 [01:52:24 2024-02-12] User 'username' executed command: 'RATE' with attribute 'title' and value '5'
 [01:52:24 2024-02-12] User 'username' executed command: 'edit' Unsuccessful editing
 [01:52:24 2024-02-12] User 'username' executed command: 'edit' with attribute 'description' and value 'new description'
 [01:52:24 2024-02-12] User 'username' executed command: 'logIn' Invalid username or password!
 [01:52:24 2024-02-12] User 'user' executed command: 'logIn' Login successful!
 [01:52:24 2024-02-12] User 'username' executed command: 'logIn' Login successful!
 [01:52:24 2024-02-12] User 'username' executed command: 'logIn' Invalid username or password!
 [01:52:24 2024-02-12] User 'us' executed command: 'logIn' Invalid username or password!
 [01:52:24 2024-02-12] User 'username' executed command: 'edit' with attribute 'title' and value 'new title'
 [01:52:24 2024-02-12] User 'username' executed command: 'edit' Unsuccessful editing
 [01:53:12 2024-02-12] User 'username' executed command: 'RATE' Unsuccessful rating
 [01:53:12 2024-02-12] User 'username' executed command: 'RATE' with attribute 'title' and value '5'
 [01:53:12 2024-02-12] User 'username' executed command: 'edit' Unsuccessful editing
 [01:53:12 2024-02-12] User 'username' executed command: 'edit' with attribute 'description' and value 'new description'
 [01:53:12 2024-02-12] User 'username' executed command: 'logIn' Invalid username or password!
 [01:53:12 2024-02-12] User 'user' executed command: 'logIn' Login successful!
 [01:53:12 2024-02-12] User 'username' executed command: 'logIn' Login successful!
 [01:53:12 2024-02-12] User 'username' executed command: 'logIn' Invalid username or password!
 [01:53:12 2024-02-12] User 'us' executed command: 'logIn' Invalid username or password!
 [01:53:12 2024-02-12] User 'username' executed command: 'edit' with attribute 'title' and value 'new title'
 [01:53:12 2024-02-12] User 'username' executed command: 'edit' Unsuccessful editing
 [02:02:05 2024-02-12] User 'username' executed command: 'register' Register successful!
 [02:03:10 2024-02-12] User 'username' executed command: 'register' Register successful!
 [02:04:23 2024-02-12] User 'username' executed command: 'register' Register successful!
 [02:08:53 2024-02-12] User 'username' executed command: 'register' Register successful!
 [02:09:08 2024-02-12] User 'username' executed command: 'RATE' Unsuccessful rating
 [02:09:08 2024-02-12] User 'username' executed command: 'RATE' with attribute 'title' and value '5'
 [02:09:08 2024-02-12] User 'username' executed command: 'edit' Unsuccessful editing
 [02:09:08 2024-02-12] User 'username' executed command: 'edit' with attribute 'description' and value 'new description'
 [02:09:08 2024-02-12] User 'username' executed command: 'logIn' Invalid username or password!
 [02:09:08 2024-02-12] User 'user' executed command: 'logIn' Login successful!
 [02:09:08 2024-02-12] User 'username' executed command: 'logIn' Login successful!
 [02:09:08 2024-02-12] User 'username' executed command: 'logIn' Invalid username or password!
 [02:09:08 2024-02-12] User 'us' executed command: 'logIn' Invalid username or password!
 [02:09:08 2024-02-12] User 'username' executed command: 'edit' with attribute 'title' and value 'new title'
 [02:09:08 2024-02-12] User 'username' executed command: 'edit' Unsuccessful editing
 [02:13:02 2024-02-12] User 'username' executed command: 'RATE' Unsuccessful rating
 [02:13:02 2024-02-12] User 'username' executed command: 'RATE' with attribute 'title' and value '5'
 [02:13:02 2024-02-12] User 'username' executed command: 'edit' Unsuccessful editing
 [02:13:02 2024-02-12] User 'username' executed command: 'edit' with attribute 'description' and value 'new description'
 [02:13:02 2024-02-12] User 'username' executed command: 'logIn' Invalid username or password!
 [02:13:02 2024-02-12] User 'user' executed command: 'logIn' Login successful!
 [02:13:02 2024-02-12] User 'username' executed command: 'logIn' Login successful!
 [02:13:02 2024-02-12] User 'username' executed command: 'logIn' Invalid username or password!
 [02:13:02 2024-02-12] User 'us' executed command: 'logIn' Invalid username or password!
 [02:13:02 2024-02-12] User 'username' executed command: 'edit' with attribute 'title' and value 'new title'
 [02:13:02 2024-02-12] User 'username' executed command: 'edit' Unsuccessful editing
 [02:13:44 2024-02-12] User 'username' executed command: 'RATE' Unsuccessful rating
 [02:13:44 2024-02-12] User 'username' executed command: 'RATE' with attribute 'title' and value '5'
 [02:13:44 2024-02-12] User 'username' executed command: 'edit' Unsuccessful editing
 [02:13:44 2024-02-12] User 'username' executed command: 'edit' with attribute 'description' and value 'new description'
 [02:13:44 2024-02-12] User 'username' executed command: 'logIn' Invalid username or password!
 [02:13:44 2024-02-12] User 'user' executed command: 'logIn' Login successful!
 [02:13:44 2024-02-12] User 'username' executed command: 'logIn' Login successful!
 [02:13:44 2024-02-12] User 'username' executed command: 'logIn' Invalid username or password!
 [02:13:44 2024-02-12] User 'us' executed command: 'logIn' Invalid username or password!
 [02:13:44 2024-02-12] User 'username' executed command: 'edit' with attribute 'title' and value 'new title'
 [02:13:44 2024-02-12] User 'username' executed command: 'edit' Unsuccessful editing
 [10:46:01 2024-02-12] User 'username' executed command: 'RATE' Unsuccessful rating
 [10:46:01 2024-02-12] User 'username' executed command: 'RATE' with attribute 'title' and value '5'
 [10:46:01 2024-02-12] User 'username' executed command: 'edit' Unsuccessful editing
 [10:46:01 2024-02-12] User 'username' executed command: 'edit' with attribute 'description' and value 'new description'
 [10:46:01 2024-02-12] User 'username' executed command: 'logIn' Invalid username or password!
 [10:46:01 2024-02-12] User 'user' executed command: 'logIn' Login successful!
 [10:46:01 2024-02-12] User 'username' executed command: 'logIn' Login successful!
 [10:46:01 2024-02-12] User 'username' executed command: 'logIn' Invalid username or password!
 [10:46:01 2024-02-12] User 'us' executed command: 'logIn' Invalid username or password!
 [10:46:01 2024-02-12] User 'username' executed command: 'edit' with attribute 'title' and value 'new title'
 [10:46:01 2024-02-12] User 'username' executed command: 'edit' Unsuccessful editing
 [10:53:47 2024-02-12] User 'mimi03' executed command: 'ADD' with attribute 'ISBN' and value '9781840225563'
 [11:19:35 2024-02-12] User 'mimi03' executed command: 'ADD' with attribute 'title' and value 'Harry Potter and the Goblet of Fire'
 [11:20:51 2024-02-12] User 'mimi03' executed command: 'ADD' with attribute 'title' and value 'Harry Potter and the Goblet of Fire'
 [11:22:22 2024-02-12] User 'mimi03' executed command: 'ADD' with attribute 'title' and value 'Harry Potter and the Goblet of Fire'
 [11:23:00 2024-02-12] User 'username' executed command: 'RATE' Unsuccessful rating
 [11:23:00 2024-02-12] User 'username' executed command: 'RATE' with attribute 'title' and value '5'
 [11:23:00 2024-02-12] User 'username' executed command: 'edit' Unsuccessful editing
 [11:23:00 2024-02-12] User 'username' executed command: 'edit' with attribute 'description' and value 'new description'
 [11:23:00 2024-02-12] User 'username' executed command: 'logIn' Invalid username or password!
 [11:23:00 2024-02-12] User 'user' executed command: 'logIn' Login successful!
 [11:23:00 2024-02-12] User 'username' executed command: 'logIn' Login successful!
 [11:23:00 2024-02-12] User 'username' executed command: 'logIn' Invalid username or password!
 [11:23:00 2024-02-12] User 'us' executed command: 'logIn' Invalid username or password!
 [11:23:00 2024-02-12] User 'username' executed command: 'edit' with attribute 'title' and value 'new title'
 [11:23:00 2024-02-12] User 'username' executed command: 'edit' Unsuccessful editing
 [11:31:41 2024-02-12] User 'mimi03' executed command: 'ADD' Adding book by title not successful
 [11:32:22 2024-02-12] User 'mimi03' executed command: 'ADD' Adding book by title not successful
 [11:33:35 2024-02-12] User 'mimi03' executed command: 'ADD' Adding book by ISBN not successful
 [11:36:08 2024-02-12] User 'mimi03' executed command: 'ADD' Adding book by title not successful
 [11:36:49 2024-02-12] User 'mimi03' executed command: 'ADD' Adding book by ISBN not successful
 [11:40:27 2024-02-12] User 'mimi03' executed command: 'ADD' Adding book by author not successful
 [11:40:46 2024-02-12] User 'username' executed command: 'RATE' Unsuccessful rating
 [11:40:46 2024-02-12] User 'username' executed command: 'RATE' with attribute 'title' and value '5'
 [11:40:46 2024-02-12] User 'username' executed command: 'edit' Unsuccessful editing
 [11:40:46 2024-02-12] User 'username' executed command: 'edit' with attribute 'description' and value 'new description'
 [11:40:46 2024-02-12] User 'username' executed command: 'logIn' Invalid username or password!
 [11:40:46 2024-02-12] User 'user' executed command: 'logIn' Login successful!
 [11:40:46 2024-02-12] User 'username' executed command: 'logIn' Login successful!
 [11:40:46 2024-02-12] User 'username' executed command: 'logIn' Invalid username or password!
 [11:40:46 2024-02-12] User 'us' executed command: 'logIn' Invalid username or password!
 [11:40:46 2024-02-12] User 'username' executed command: 'edit' with attribute 'title' and value 'new title'
 [11:40:46 2024-02-12] User 'username' executed command: 'edit' Unsuccessful editing
 [11:43:38 2024-02-12] User 'mimi03' executed command: 'ADD' Adding book by ISBN not successful
 [11:43:49 2024-02-12] User 'username' executed command: 'RATE' Unsuccessful rating
 [11:43:49 2024-02-12] User 'username' executed command: 'RATE' with attribute 'title' and value '5'
 [11:43:49 2024-02-12] User 'username' executed command: 'edit' Unsuccessful editing
 [11:43:49 2024-02-12] User 'username' executed command: 'edit' with attribute 'description' and value 'new description'
 [11:43:49 2024-02-12] User 'username' executed command: 'logIn' Invalid username or password!
 [11:43:49 2024-02-12] User 'user' executed command: 'logIn' Login successful!
 [11:43:49 2024-02-12] User 'username' executed command: 'logIn' Login successful!
 [11:43:49 2024-02-12] User 'username' executed command: 'logIn' Invalid username or password!
 [11:43:49 2024-02-12] User 'us' executed command: 'logIn' Invalid username or password!
 [11:43:49 2024-02-12] User 'username' executed command: 'edit' with attribute 'title' and value 'new title'
 [11:43:49 2024-02-12] User 'username' executed command: 'edit' Unsuccessful editing
 [12:09:26 2024-02-12] User 'pepe' executed command: 'logIn' Login successful!
 [12:09:32 2024-02-12] User 'pepe' executed command: 'ADD' with attribute 'title' and value 'maria'
 [12:10:14 2024-02-12] User 'bayreto' executed command: 'register' Register successful!
 [12:27:05 2024-02-12] User 'pepe' executed command: 'logIn' Login successful!
 [12:30:08 2024-02-12] User 'pepe' executed command: 'logIn' Login successful!
 [12:31:03 2024-02-12] User 'pepe' executed command: 'logIn' Invalid username or password!
 [12:31:13 2024-02-12] User 'pepe' executed command: 'logIn' Login successful!
 [12:31:43 2024-02-12] User 'pepe' executed command: 'logIn' Login successful!
 [12:33:05 2024-02-12] User 'pepe' executed command: 'logIn' Login successful!
 [12:33:51 2024-02-12] User 'pepe' executed command: 'logIn' Login successful!
 [12:41:45 2024-02-12] User 'pepe' executed command: 'logIn' Login successful!
 [12:41:48 2024-02-12] User 'pepe' executed command: 'VIEWALLBOOKS' Successful
 [12:43:06 2024-02-12] User 'pepe' executed command: 'logIn' Login successful!
 [12:43:09 2024-02-12] User 'pepe' executed command: 'VIEWALLBOOKS' Successful
 [12:43:57 2024-02-12] User 'pepe' executed command: 'logIn' Login successful!
 [12:44:01 2024-02-12] User 'pepe' executed command: 'VIEWALLBOOKS' Successful
 [12:45:05 2024-02-12] User 'pepe' executed command: 'logIn' Login successful!
 [12:45:10 2024-02-12] User 'pepe' executed command: 'VIEWALLBOOKS' Successful
 [12:47:01 2024-02-12] User 'pepe' executed command: 'logIn' Login successful!
 [12:47:04 2024-02-12] User 'pepe' executed command: 'VIEWALLBOOKS' Successful
 [12:47:54 2024-02-12] User 'username' executed command: 'RATE' Unsuccessful rating
 [12:47:55 2024-02-12] User 'username' executed command: 'RATE' with attribute 'title' and value '5'
 [12:47:55 2024-02-12] User 'username' executed command: 'edit' Unsuccessful editing
 [12:47:55 2024-02-12] User 'username' executed command: 'edit' with attribute 'description' and value 'new description'
 [12:47:55 2024-02-12] User 'username' executed command: 'logIn' Invalid username or password!
 [12:47:55 2024-02-12] User 'user' executed command: 'logIn' Login successful!
 [12:47:55 2024-02-12] User 'username' executed command: 'logIn' Login successful!
 [12:47:55 2024-02-12] User 'username' executed command: 'logIn' Invalid username or password!
 [12:47:55 2024-02-12] User 'us' executed command: 'logIn' Invalid username or password!
 [12:47:55 2024-02-12] User 'username' executed command: 'edit' with attribute 'title' and value 'new title'
 [12:47:55 2024-02-12] User 'username' executed command: 'edit' Unsuccessful editing
 [12:47:55 2024-02-12] testMessage
 [12:47:55 2024-02-12] User 'testUser' executed command: 'testCommand' testMessage
 [12:47:55 2024-02-12] User 'testUser' executed command: 'testCommand' with attribute 'testAttribute' and value 'testValue'
 [12:47:57 2024-02-12] User 'mimi03' executed command: 'ADD' with attribute 'author' and value 'Jane Austen'
 [12:47:57 2024-02-12] User 'mimi03' executed command: 'ADD' Adding book by author not successful
 [12:47:57 2024-02-12] User 'username' executed command: 'register' Register successful!
 [12:47:57 2024-02-12] User 'username' executed command: 'REMOVE' with attribute 'author' and value 'Jane Austen'
 [12:47:57 2024-02-12] User 'username' executed command: 'SEARCH' Unsuccessful
 [12:47:57 2024-02-12] User 'username' executed command: 'SEARCH' Successful
 [12:47:58 2024-02-12] User 'username' executed command: 'REMOVE' with attribute 'ISBN' and value '000'
 [12:47:58 2024-02-12] User 'mimi03' executed command: 'ADD' Adding book by title not successful
 [12:47:58 2024-02-12] User 'mimi03' executed command: 'ADD' with attribute 'title' and value 'Harry Potter and the Goblet of Fire'
 [12:47:58 2024-02-12] User 'username' executed command: 'REMOVE' with attribute 'title' and value 'initial title'
 [12:47:58 2024-02-12] User 'mimi03' executed command: 'ADD' with attribute 'ISBN' and value '9781840225563'
 [12:47:58 2024-02-12] User 'mimi03' executed command: 'ADD' Adding book by ISBN not successful
 [12:47:58 2024-02-12] User 'mimi03' executed command: 'ADD' Adding book by ISBN not successful
 [12:47:58 2024-02-12] User 'username' executed command: 'edit' Unsuccessful editing
 [12:47:58 2024-02-12] User 'username' executed command: 'edit' with attribute 'isRead' and value 'yes'
 [12:49:34 2024-02-12] testMessage
 [12:49:45 2024-02-12] User 'testUser' executed command: 'testCommand' testMessage
 [12:55:46 2024-02-12] User 'username' executed command: 'RATE' Unsuccessful rating
 [12:55:46 2024-02-12] User 'username' executed command: 'RATE' with attribute 'title' and value '5'
 [12:55:46 2024-02-12] User 'username' executed command: 'edit' Unsuccessful editing
 [12:55:46 2024-02-12] User 'username' executed command: 'edit' with attribute 'description' and value 'new description'
 [12:55:46 2024-02-12] User 'username' executed command: 'logIn' Invalid username or password!
 [12:55:46 2024-02-12] User 'user' executed command: 'logIn' Login successful!
 [12:55:46 2024-02-12] User 'username' executed command: 'logIn' Login successful!
 [12:55:46 2024-02-12] User 'username' executed command: 'logIn' Invalid username or password!
 [12:55:46 2024-02-12] User 'us' executed command: 'logIn' Invalid username or password!
 [12:55:46 2024-02-12] User 'username' executed command: 'edit' with attribute 'title' and value 'new title'
 [12:55:46 2024-02-12] User 'username' executed command: 'edit' Unsuccessful editing
 [13:34:54 2024-02-12] User 'pepe' executed command: 'logIn' Login successful!
 [13:35:13 2024-02-12] User 'pepe' executed command: 'ADD' with attribute 'ISBN' and value '9789545785566'
 [13:37:22 2024-02-12] User 'pepe' executed command: 'edit' with attribute 'description' and value 'Pepi'
 [13:37:31 2024-02-12] User 'pepe' executed command: 'SEARCH' Unsuccessful
 [13:37:38 2024-02-12] User 'pepe' executed command: 'SEARCH' Successful
 [13:38:24 2024-02-12] User 'pepe' executed command: 'edit' with attribute 'isRead' and value 'yes'
 [13:38:32 2024-02-12] User 'pepe' executed command: 'SEARCH' Successful
 [13:40:03 2024-02-12] User 'pepe' executed command: 'logIn' Login successful!
 [13:40:07 2024-02-12] User 'pepe' executed command: 'VIEWALLBOOKS' Successful
 [13:40:20 2024-02-12] User 'pepe' executed command: 'SEARCH' Successful
 [13:42:36 2024-02-12] User 'pepe' executed command: 'logIn' Login successful!
 [13:43:34 2024-02-12] User 'pepe' executed command: 'REMOVE' with attribute 'author' and value 'Jane Austen'
 [13:43:41 2024-02-12] User 'pepe' executed command: 'VIEWALLBOOKS' Successful
 [13:46:00 2024-02-12] User 'pepe' executed command: 'SEARCH' Successful
 [13:53:59 2024-02-12] User 'username' executed command: 'RATE' Unsuccessful rating
 [13:53:59 2024-02-12] User 'username' executed command: 'RATE' with attribute 'title' and value '5'
 [13:53:59 2024-02-12] User 'username' executed command: 'edit' Unsuccessful editing
 [13:53:59 2024-02-12] User 'username' executed command: 'edit' with attribute 'description' and value 'new description'
 [13:53:59 2024-02-12] User 'username' executed command: 'logIn' Invalid username or password!
 [13:53:59 2024-02-12] User 'user' executed command: 'logIn' Login successful!
 [13:53:59 2024-02-12] User 'username' executed command: 'logIn' Login successful!
 [13:54:00 2024-02-12] User 'username' executed command: 'logIn' Invalid username or password!
 [13:54:00 2024-02-12] User 'us' executed command: 'logIn' Invalid username or password!
 [13:54:00 2024-02-12] User 'username' executed command: 'edit' with attribute 'title' and value 'new title'
 [13:54:00 2024-02-12] User 'username' executed command: 'edit' Unsuccessful editing
 [14:01:40 2024-02-12] User 'username' executed command: 'VIEWALLBOOKS' Successful
 [14:03:17 2024-02-12] User 'username' executed command: 'VIEWALLBOOKS' Successful
 [14:03:53 2024-02-12] User 'username' executed command: 'VIEWALLBOOKS' Successful
 [14:03:53 2024-02-12] User 'username' executed command: 'RATE' Unsuccessful rating
 [14:03:53 2024-02-12] User 'username' executed command: 'RATE' with attribute 'title' and value '5'
 [14:03:53 2024-02-12] User 'username' executed command: 'edit' Unsuccessful editing
 [14:03:53 2024-02-12] User 'username' executed command: 'edit' with attribute 'description' and value 'new description'
 [14:03:53 2024-02-12] User 'username' executed command: 'logIn' Invalid username or password!
 [14:03:53 2024-02-12] User 'user' executed command: 'logIn' Login successful!
 [14:03:53 2024-02-12] User 'username' executed command: 'logIn' Login successful!
 [14:03:53 2024-02-12] User 'username' executed command: 'logIn' Invalid username or password!
 [14:03:53 2024-02-12] User 'us' executed command: 'logIn' Invalid username or password!
 [14:03:53 2024-02-12] User 'username' executed command: 'edit' with attribute 'title' and value 'new title'
 [14:03:53 2024-02-12] User 'username' executed command: 'edit' Unsuccessful editing
 [14:14:49 2024-02-12] User 'username' executed command: 'VIEWALLBOOKS' Successful
 [14:14:49 2024-02-12] User 'username' executed command: 'RATE' Unsuccessful rating
 [14:14:49 2024-02-12] User 'username' executed command: 'RATE' with attribute 'title' and value '5'
 [14:14:49 2024-02-12] User 'username' executed command: 'edit' Unsuccessful editing
 [14:14:49 2024-02-12] User 'username' executed command: 'edit' with attribute 'description' and value 'new description'
 [14:14:49 2024-02-12] User 'username' executed command: 'logIn' Invalid username or password!
 [14:14:49 2024-02-12] User 'user' executed command: 'logIn' Login successful!
 [14:14:49 2024-02-12] User 'username' executed command: 'logIn' Login successful!
 [14:14:49 2024-02-12] User 'username' executed command: 'logIn' Invalid username or password!
 [14:14:49 2024-02-12] User 'us' executed command: 'logIn' Invalid username or password!
 [14:14:49 2024-02-12] User 'username' executed command: 'edit' with attribute 'title' and value 'new title'
 [14:14:49 2024-02-12] User 'username' executed command: 'edit' Unsuccessful editing
 [14:18:33 2024-02-12] User 'mimi03' executed command: 'ADD' Adding book by author not successful
 [14:19:48 2024-02-12] User 'username' executed command: 'VIEWALLBOOKS' Successful
 [14:19:48 2024-02-12] User 'username' executed command: 'RATE' Unsuccessful rating
 [14:19:48 2024-02-12] User 'username' executed command: 'RATE' with attribute 'title' and value '5'
 [14:19:48 2024-02-12] User 'username' executed command: 'edit' Unsuccessful editing
 [14:19:48 2024-02-12] User 'username' executed command: 'edit' with attribute 'description' and value 'new description'
 [14:19:48 2024-02-12] User 'username' executed command: 'logIn' Invalid username or password!
 [14:19:48 2024-02-12] User 'user' executed command: 'logIn' Login successful!
 [14:19:48 2024-02-12] User 'username' executed command: 'logIn' Login successful!
 [14:19:48 2024-02-12] User 'username' executed command: 'logIn' Invalid username or password!
 [14:19:48 2024-02-12] User 'us' executed command: 'logIn' Invalid username or password!
 [14:19:49 2024-02-12] User 'username' executed command: 'edit' with attribute 'title' and value 'new title'
 [14:19:49 2024-02-12] User 'username' executed command: 'edit' Unsuccessful editing
 [14:20:11 2024-02-12] User 'username' executed command: 'VIEWALLBOOKS' Successful
 [14:20:11 2024-02-12] User 'username' executed command: 'RATE' Unsuccessful rating
 [14:20:11 2024-02-12] User 'username' executed command: 'RATE' with attribute 'title' and value '5'
 [14:20:11 2024-02-12] User 'username' executed command: 'edit' Unsuccessful editing
 [14:20:11 2024-02-12] User 'username' executed command: 'edit' with attribute 'description' and value 'new description'
 [14:20:12 2024-02-12] User 'username' executed command: 'logIn' Invalid username or password!
 [14:20:12 2024-02-12] User 'user' executed command: 'logIn' Login successful!
 [14:20:12 2024-02-12] User 'username' executed command: 'logIn' Login successful!
 [14:20:12 2024-02-12] User 'username' executed command: 'logIn' Invalid username or password!
 [14:20:12 2024-02-12] User 'us' executed command: 'logIn' Invalid username or password!
 [14:20:12 2024-02-12] User 'username' executed command: 'edit' with attribute 'title' and value 'new title'
 [14:20:12 2024-02-12] User 'username' executed command: 'edit' Unsuccessful editing
 [17:14:58 2024-02-12] User 'pepe' executed command: 'register' Register successful!
 [17:17:14 2024-02-12] User 'pepe' executed command: 'logIn' Login successful!
 [17:17:37 2024-02-12] User 'pepe' executed command: 'ADD' with attribute 'title' and value 'car'
 [17:17:44 2024-02-12] User 'pepe' executed command: 'VIEWALLBOOKS' Successful
 [17:18:03 2024-02-12] There is a problem with the network communication
 [17:27:22 2024-02-12] User 'baireto' executed command: 'register' Register successful!
 [17:27:37 2024-02-12] User 'baireto' executed command: 'ADD' with attribute 'title' and value 'ana'
 [17:27:43 2024-02-12] User 'baireto' executed command: 'VIEWALLBOOKS' Successful
 [17:28:17 2024-02-12] User 'baireto' executed command: 'ADD' with attribute 'title' and value 'гошо'
 [17:28:24 2024-02-12] User 'baireto' executed command: 'VIEWALLBOOKS' Successful
 [17:28:38 2024-02-12] User 'baireto' executed command: 'SEARCH' Successful
 [17:52:11 2024-02-12] User 'deska' executed command: 'register' Register successful!
 [17:52:18 2024-02-12] User 'deska' executed command: 'ADD' with attribute 'title' and value 'lala'
 [17:52:23 2024-02-12] User 'deska' executed command: 'VIEWALLBOOKS' Successful
 [18:03:37 2024-02-12] User 'username' executed command: 'VIEWALLBOOKS' Successful
 [18:03:37 2024-02-12] User 'username' executed command: 'RATE' Unsuccessful rating
 [18:03:37 2024-02-12] User 'username' executed command: 'RATE' with attribute 'title' and value '5'
 [18:03:37 2024-02-12] User 'username' executed command: 'edit' Unsuccessful editing
 [18:03:37 2024-02-12] User 'username' executed command: 'edit' with attribute 'description' and value 'new description'
 [18:03:37 2024-02-12] User 'username' executed command: 'logIn' Invalid username or password!
 [18:03:37 2024-02-12] User 'user' executed command: 'logIn' Login successful!
 [18:03:37 2024-02-12] User 'username' executed command: 'logIn' Login successful!
 [18:03:37 2024-02-12] User 'username' executed command: 'logIn' Invalid username or password!
 [18:03:37 2024-02-12] User 'us' executed command: 'logIn' Invalid username or password!
 [18:03:37 2024-02-12] User 'username' executed command: 'edit' with attribute 'title' and value 'new title'
 [18:03:37 2024-02-12] User 'username' executed command: 'edit' Unsuccessful editing
 [18:08:43 2024-02-12] User 'username' executed command: 'VIEWALLBOOKS' Successful
 [18:08:43 2024-02-12] User 'username' executed command: 'RATE' Unsuccessful rating
 [18:08:43 2024-02-12] User 'username' executed command: 'RATE' with attribute 'title' and value '5'
 [18:08:43 2024-02-12] User 'username' executed command: 'edit' Unsuccessful editing
 [18:08:43 2024-02-12] User 'username' executed command: 'edit' with attribute 'description' and value 'new description'
 [18:08:43 2024-02-12] User 'username' executed command: 'logIn' Invalid username or password!
 [18:08:43 2024-02-12] User 'user' executed command: 'logIn' Login successful!
 [18:08:43 2024-02-12] User 'username' executed command: 'logIn' Login successful!
 [18:08:43 2024-02-12] User 'username' executed command: 'logIn' Invalid username or password!
 [18:08:43 2024-02-12] User 'us' executed command: 'logIn' Invalid username or password!
 [18:08:43 2024-02-12] User 'username' executed command: 'edit' with attribute 'title' and value 'new title'
 [18:08:44 2024-02-12] User 'username' executed command: 'edit' Unsuccessful editing
 [21:52:26 2024-02-12] There is a problem with the network communication
 [21:59:45 2024-02-12] There is a problem with the network communication
 [10:16:45 2024-02-13] User '%s' connected to the server.
 [10:17:05 2024-02-13] User 'deska' executed command: 'register' Register successful!
 [10:18:07 2024-02-13] User '%s' connected to the server.
 [10:18:21 2024-02-13] User 'rubka' executed command: 'register' Register successful!
 [10:18:30 2024-02-13] User 'rubka' executed command: 'ADD' with attribute 'title' and value 'rubi'
 [10:18:36 2024-02-13] User 'rubka' executed command: 'VIEWALLBOOKS' Successful
 [10:19:00 2024-02-13] User 'rubka' executed command: 'SEARCH' Successful
 [10:21:15 2024-02-13] User '%s' connected to the server.
 [10:21:24 2024-02-13] User 'rubi' executed command: 'logIn' Invalid username or password!
 [10:21:33 2024-02-13] User 'rubka' executed command: 'logIn' Login successful!
 [10:21:41 2024-02-13] User 'rubka' executed command: 'VIEWALLBOOKS' Successful
 [10:36:59 2024-02-13] User 'username' executed command: 'VIEWALLBOOKS' Successful
 [10:36:59 2024-02-13] User 'username' executed command: 'RATE' Unsuccessful rating
 [10:36:59 2024-02-13] User 'username' executed command: 'RATE' with attribute 'title' and value '5'
 [10:36:59 2024-02-13] User 'username' executed command: 'edit' Unsuccessful editing
 [10:36:59 2024-02-13] User 'username' executed command: 'edit' with attribute 'description' and value 'new description'
 [10:36:59 2024-02-13] User 'username' executed command: 'logIn' Invalid username or password!
 [10:36:59 2024-02-13] User 'user' executed command: 'logIn' Login successful!
 [10:36:59 2024-02-13] User 'username' executed command: 'logIn' Login successful!
 [10:36:59 2024-02-13] User 'username' executed command: 'logIn' Invalid username or password!
 [10:36:59 2024-02-13] User 'us' executed command: 'logIn' Invalid username or password!
 [10:36:59 2024-02-13] User 'username' executed command: 'edit' with attribute 'title' and value 'new title'
 [10:36:59 2024-02-13] User 'username' executed command: 'edit' Unsuccessful editing
 [10:37:02 2024-02-13] User 'mimi03' executed command: 'ADD' with attribute 'author' and value 'Jane Austen'
 [10:37:03 2024-02-13] User 'mimi03' executed command: 'ADD' Adding book by author not successful
 [10:38:15 2024-02-13] User '%s' connected to the server.
 [10:38:20 2024-02-13] User 'пепе' executed command: 'logIn' Invalid username or password!
 [10:38:24 2024-02-13] User 'pepe' executed command: 'logIn' Invalid username or password!
 [10:38:51 2024-02-13] User 'rubi' executed command: 'logIn' Invalid username or password!
 [10:39:02 2024-02-13] User 'rubi' executed command: 'logIn' Invalid username or password!
 [10:39:11 2024-02-13] User 'rubka' executed command: 'logIn' Login successful!
 [10:39:21 2024-02-13] User 'rubka' executed command: 'VIEWALLBOOKS' Successful
 [10:39:36 2024-02-13] User 'rubka' executed command: 'SEARCH' Successful
 [10:40:20 2024-02-13] User 'rubka' executed command: 'edit' with attribute 'description' and value 'sladka rubi'
 [10:40:32 2024-02-13] User 'rubka' executed command: 'SEARCH' Successful
 [10:40:47 2024-02-13] User 'rubka' executed command: 'RATE' with attribute 'Chasing Rubi' and value '6'
 [11:24:55 2024-02-13] User 'username' executed command: 'VIEWALLBOOKS' Successful
 [11:24:55 2024-02-13] User 'username' executed command: 'RATE' Unsuccessful rating
 [11:24:55 2024-02-13] User 'username' executed command: 'RATE' with attribute 'title' and value '5'
 [11:24:55 2024-02-13] User 'username' executed command: 'edit' Unsuccessful editing
 [11:24:55 2024-02-13] User 'username' executed command: 'edit' with attribute 'description' and value 'new description'
 [11:24:55 2024-02-13] User 'username' executed command: 'logIn' Invalid username or password!
 [11:24:55 2024-02-13] User 'user' executed command: 'logIn' Login successful!
 [11:24:55 2024-02-13] User 'username' executed command: 'logIn' Login successful!
 [11:24:55 2024-02-13] User 'username' executed command: 'logIn' Invalid username or password!
 [11:24:55 2024-02-13] User 'us' executed command: 'logIn' Invalid username or password!
 [11:24:55 2024-02-13] User 'username' executed command: 'edit' with attribute 'title' and value 'new title'
 [11:24:55 2024-02-13] User 'username' executed command: 'edit' Unsuccessful editing
 [11:24:58 2024-02-13] User 'mimi03' executed command: 'ADD' with attribute 'author' and value 'Jane Austen'
 [11:25:00 2024-02-13] User 'mimi03' executed command: 'ADD' Adding book by author not successful
 [11:25:53 2024-02-13] User 'username' executed command: 'VIEWALLBOOKS' Successful
 [11:25:53 2024-02-13] User 'username' executed command: 'RATE' Unsuccessful rating
 [11:25:53 2024-02-13] User 'username' executed command: 'RATE' with attribute 'title' and value '5'
 [11:25:53 2024-02-13] User 'username' executed command: 'edit' Unsuccessful editing
 [11:25:53 2024-02-13] User 'username' executed command: 'edit' with attribute 'description' and value 'new description'
 [11:25:53 2024-02-13] User 'username' executed command: 'logIn' Invalid username or password!
 [11:25:53 2024-02-13] User 'user' executed command: 'logIn' Login successful!
 [11:25:53 2024-02-13] User 'username' executed command: 'logIn' Login successful!
 [11:25:53 2024-02-13] User 'username' executed command: 'logIn' Invalid username or password!
 [11:25:53 2024-02-13] User 'us' executed command: 'logIn' Invalid username or password!
 [11:25:53 2024-02-13] User 'username' executed command: 'edit' with attribute 'title' and value 'new title'
 [11:25:53 2024-02-13] User 'username' executed command: 'edit' Unsuccessful editing
 [11:25:56 2024-02-13] User 'mimi03' executed command: 'ADD' with attribute 'author' and value 'Jane Austen'
 [11:25:57 2024-02-13] User 'mimi03' executed command: 'ADD' Adding book by author not successful
 [11:32:20 2024-02-13] User '%s' connected to the server.
 [11:32:31 2024-02-13] User 'rubka' executed command: 'logIn' Login successful!
 [11:32:36 2024-02-13] User 'rubka' executed command: 'VIEWALLBOOKS' Successful
 [11:32:47 2024-02-13] User 'rubka' executed command: 'REMOVE' with attribute 'title' and value 'Chasing Rubi'
 [11:32:52 2024-02-13] User 'rubka' executed command: 'VIEWALLBOOKS' Successful
 [11:33:05 2024-02-13] User 'rubka' executed command: 'ADD' with attribute 'title' and value 'diona'
 [11:33:09 2024-02-13] User 'rubka' executed command: 'VIEWALLBOOKS' Successful
 [11:37:59 2024-02-13] User 'username' executed command: 'register' Register successful!
 [11:37:59 2024-02-13] User 'username' executed command: 'REMOVE' with attribute 'author' and value 'Jane Austen'
 [11:37:59 2024-02-13] User 'username' executed command: 'VIEWALLBOOKS' Successful
 [11:38:02 2024-02-13] User 'mimi03' executed command: 'ADD' with attribute 'ISBN' and value '9781840225563'
 [11:38:02 2024-02-13] User 'mimi03' executed command: 'ADD' Adding book by ISBN not successful
 [11:38:02 2024-02-13] User 'mimi03' executed command: 'ADD' Adding book by ISBN not successful
 [11:38:02 2024-02-13] User 'username' executed command: 'REMOVE' with attribute 'ISBN' and value '000'
 [11:38:02 2024-02-13] User 'username' executed command: 'REMOVE' with attribute 'title' and value 'initial title'
 [11:38:02 2024-02-13] User 'username' executed command: 'edit' Unsuccessful editing
 [11:38:02 2024-02-13] User 'username' executed command: 'edit' with attribute 'description' and value 'new description'
 [11:38:02 2024-02-13] User 'username' executed command: 'edit' with attribute 'title' and value 'new title'
 [11:38:02 2024-02-13] User 'username' executed command: 'edit' Unsuccessful editing
 [11:38:02 2024-02-13] User 'mimi03' executed command: 'ADD' with attribute 'author' and value 'Jane Austen'
 [11:38:04 2024-02-13] User 'mimi03' executed command: 'ADD' Adding book by author not successful
 [11:38:04 2024-02-13] User 'mimi03' executed command: 'ADD' Adding book by title not successful
 [11:38:04 2024-02-13] User 'mimi03' executed command: 'ADD' with attribute 'title' and value 'Harry Potter and the Goblet of Fire'
 [11:38:04 2024-02-13] User 'username' executed command: 'RATE' Unsuccessful rating
 [11:38:04 2024-02-13] User 'username' executed command: 'RATE' with attribute 'title' and value '5'
 [11:38:04 2024-02-13] User 'username' executed command: 'edit' Unsuccessful editing
 [11:38:04 2024-02-13] User 'username' executed command: 'edit' with attribute 'isRead' and value 'yes'
 [11:38:04 2024-02-13] User 'username' executed command: 'logIn' Invalid username or password!
 [11:38:04 2024-02-13] User 'user' executed command: 'logIn' Login successful!
 [11:38:04 2024-02-13] User 'username' executed command: 'logIn' Login successful!
 [11:38:04 2024-02-13] User 'username' executed command: 'logIn' Invalid username or password!
 [11:38:04 2024-02-13] User 'us' executed command: 'logIn' Invalid username or password!
 [11:38:04 2024-02-13] User 'username' executed command: 'SEARCH' Unsuccessful
 [11:38:04 2024-02-13] User 'username' executed command: 'SEARCH' Successful
 [16:21:22 2024-02-13] User '%s' connected to the server.
 [16:21:55 2024-02-13] User 'rubka' executed command: 'logIn' Invalid username or password!
 [16:22:02 2024-02-13] User 'rubka' executed command: 'logIn' Login successful!
 [16:23:39 2024-02-13] User '%s' connected to the server.
 [16:23:46 2024-02-13] User 'rubka' executed command: 'logIn' Login successful!
 [16:24:06 2024-02-13] User 'rubka' executed command: 'ADD' with attribute 'title' and value 'harry potter'
 [16:37:25 2024-02-13] User '%s' connected to the server.
 [16:38:20 2024-02-13] User 'desislava' executed command: 'register' Register successful!
 [16:38:55 2024-02-13] User 'desislava' executed command: 'ADD' with attribute 'title' and value 'Harry potter and the goblet of fire'
 [16:39:09 2024-02-13] User 'desislava' executed command: 'VIEWALLBOOKS' Successful
 [16:39:53 2024-02-13] User 'desislava' executed command: 'ADD' with attribute 'title' and value 'game of throned'
 [16:40:21 2024-02-13] User 'desislava' executed command: 'ADD' with attribute 'ISBN' and value '0007448031'
 [16:40:34 2024-02-13] User 'desislava' executed command: 'VIEWALLBOOKS' Successful
 [16:41:09 2024-02-13] User 'desislava' executed command: 'edit' with attribute 'title' and value 'lala'
 [16:41:15 2024-02-13] User 'desislava' executed command: 'VIEWALLBOOKS' Successful
 [16:41:45 2024-02-13] User 'desislava' executed command: 'SEARCH' Successful
 [16:42:23 2024-02-13] User 'desislava' executed command: 'edit' Unsuccessful editing
 [16:42:28 2024-02-13] User 'desislava' executed command: 'SEARCH' Successful
 [16:43:15 2024-02-13] User 'desislava' executed command: 'VIEWALLBOOKS' Successful
 [16:43:38 2024-02-13] User 'desislava' executed command: 'edit' with attribute 'description' and value 'a very good book'
 [16:43:49 2024-02-13] User 'desislava' executed command: 'SEARCH' Successful
 [16:44:19 2024-02-13] User 'desislava' executed command: 'REMOVE' with attribute 'title' and value 'lala'
 [16:44:24 2024-02-13] User 'desislava' executed command: 'VIEWALLBOOKS' Successful
 [16:45:01 2024-02-13] User 'desislava' executed command: 'RATE' with attribute 'Harry Potter and the Goblet of Fire (Harry Potter, Book 4)' and value '5'
 [16:45:58 2024-02-13] User '%s' connected to the server.
 [16:46:10 2024-02-13] User 'desislava' executed command: 'logIn' Login successful!
 [16:46:18 2024-02-13] User 'desislava' executed command: 'VIEWALLBOOKS' Successful
 [16:46:49 2024-02-13] User '%s' connected to the server.
 [16:46:57 2024-02-13] User 'desislava' executed command: 'logIn' Login successful!
 [16:47:12 2024-02-13] User '%s' connected to the server.
 [16:48:31 2024-02-13] User 'desislava' executed command: 'logIn' Invalid username or password!
 [16:48:47 2024-02-13] User '%s' connected to the server.
 [16:50:46 2024-02-13] There is a problem with the network communication
 [16:51:14 2024-02-13] User '%s' connected to the server.
 [16:52:53 2024-02-13] User '%s' connected to the server.
 [16:53:00 2024-02-13] User 'desislava' executed command: 'logIn' Invalid username or password!
 [16:53:33 2024-02-13] User 'desislava' executed command: 'logIn' Login successful!
 [16:53:59 2024-02-13] User 'desislava' executed command: 'edit' with attribute 'isRead' and value 'yes'
 [16:55:21 2024-02-13] User '%s' connected to the server.
 [16:55:32 2024-02-13] User 'desislava' executed command: 'logIn' Login successful!
 [16:57:36 2024-02-13] User '%s' connected to the server.
 [16:57:41 2024-02-13] User '%s' connected to the server.
 [16:57:55 2024-02-13] User 'lalalala' executed command: 'register' Register successful!
 [16:58:09 2024-02-13] User 'lalalala' executed command: 'logIn' Login successful!
 [16:58:24 2024-02-13] User 'lalalala' executed command: 'ADD' with attribute 'title' and value 'harry potter'
 [17:00:06 2024-02-13] User '%s' connected to the server.
 [17:00:14 2024-02-13] User 'lalalala' executed command: 'logIn' Login successful!
 [17:00:32 2024-02-13] User 'lalalala' executed command: 'SEARCH' Unsuccessful
 [17:01:31 2024-02-13] User 'lalalala' executed command: 'ADD' Adding book by title not successful
 [17:02:06 2024-02-13] User 'lalalala' executed command: 'ADD' Adding book by ISBN not successful
 [17:32:08 2024-02-13] User 'username' executed command: 'register' Register successful!
 [17:32:08 2024-02-13] User 'username' executed command: 'REMOVE' with attribute 'author' and value 'Jane Austen'
 [17:32:08 2024-02-13] User 'username' executed command: 'VIEWALLBOOKS' Successful
 [17:32:13 2024-02-13] User 'mimi03' executed command: 'ADD' with attribute 'ISBN' and value '9781840225563'
 [17:32:13 2024-02-13] User 'mimi03' executed command: 'ADD' Adding book by ISBN not successful
 [17:32:13 2024-02-13] User 'mimi03' executed command: 'ADD' Adding book by ISBN not successful
 [17:32:13 2024-02-13] User 'username' executed command: 'REMOVE' with attribute 'ISBN' and value '000'
 [17:32:13 2024-02-13] User 'username' executed command: 'REMOVE' with attribute 'title' and value 'initial title'
 [17:32:13 2024-02-13] User 'username' executed command: 'edit' Unsuccessful editing
 [17:32:13 2024-02-13] User 'username' executed command: 'edit' with attribute 'description' and value 'new description'
 [17:32:13 2024-02-13] User 'username' executed command: 'edit' with attribute 'title' and value 'new title'
 [17:32:13 2024-02-13] User 'username' executed command: 'edit' Unsuccessful editing
 [17:32:13 2024-02-13] User 'mimi03' executed command: 'ADD' with attribute 'author' and value 'Jane Austen'
 [17:32:15 2024-02-13] User 'mimi03' executed command: 'ADD' Adding book by author not successful
 [17:32:15 2024-02-13] User 'mimi03' executed command: 'ADD' Adding book by title not successful
 [17:32:15 2024-02-13] User 'mimi03' executed command: 'ADD' with attribute 'title' and value 'Harry Potter and the Goblet of Fire'
 [17:32:15 2024-02-13] User 'username' executed command: 'RATE' Unsuccessful rating
 [17:32:15 2024-02-13] User 'username' executed command: 'RATE' with attribute 'title' and value '5'
 [17:32:15 2024-02-13] User 'username' executed command: 'edit' Unsuccessful editing
 [17:32:15 2024-02-13] User 'username' executed command: 'edit' with attribute 'isRead' and value 'yes'
 [17:32:15 2024-02-13] User 'username' executed command: 'logIn' Invalid username or password!
 [17:32:15 2024-02-13] User 'user' executed command: 'logIn' Login successful!
 [17:32:15 2024-02-13] User 'username' executed command: 'logIn' Login successful!
 [17:32:15 2024-02-13] User 'username' executed command: 'logIn' Invalid username or password!
 [17:32:15 2024-02-13] User 'us' executed command: 'logIn' Invalid username or password!
 [17:32:15 2024-02-13] User 'username' executed command: 'SEARCH' Unsuccessful
 [17:32:15 2024-02-13] User 'username' executed command: 'SEARCH' Successful
